<?xml version="1.0" encoding="UTF-8"?>
<!-- Generated by org.testng.reporters.JUnitReportReporter -->
<testsuite hostname="DESKTOP-8A44VM7" failures="0" tests="2" name="com.saless.ClassTest" time="0.021" errors="0" timestamp="2022-07-21T14:32:03 IST" skipped="0">
  <testcase classname="com.saless.ClassTest" name="class2Test" time="0.009"/>
  <system-out>
    <![CDATA[in class2Test()]]>
  </system-out>
  <testcase classname="com.saless.ClassTest" name="clssTest" time="0.012"/>
  <system-out>
    <![CDATA[test1
test2
test3
test4]]>
  </system-out>
</testsuite> <!-- com.saless.ClassTest -->
