<?xml version="1.0" encoding="UTF-8"?>
<!-- Generated by org.testng.reporters.JUnitReportReporter -->
<testsuite hostname="DESKTOP-8A44VM7" failures="0" tests="1" name="com.saless.ClassTest" time="0.010" errors="0" timestamp="2022-07-20T17:23:19 IST" skipped="0">
  <testcase classname="com.saless.ClassTest" name="clssTest" time="0.010"/>
  <system-out>
    <![CDATA[test1
test2
test3
test4]]>
  </system-out>
</testsuite> <!-- com.saless.ClassTest -->
